Sequential(
  (0): Conv2d(1, 96, kernel_size=(11, 11), stride=(4, 4), padding=(1, 1))
  (1): BatchNorm2d(96, eps=1e-05, momentum=0.1, affine=True, track_running_stats=True)
  (2): ReLU()
  (3): MaxPool2d(kernel_size=3, stride=2, padding=0, dilation=1, ceil_mode=False)
  (4): Conv2d(96, 256, kernel_size=(5, 5), stride=(1, 1), padding=(2, 2))
  (5): BatchNorm2d(256, eps=1e-05, momentum=0.1, affine=True, track_running_stats=True)
  (6): ReLU()
  (7): MaxPool2d(kernel_size=3, stride=2, padding=0, dilation=1, ceil_mode=False)
  (8): Conv2d(256, 384, kernel_size=(3, 3), stride=(1, 1), padding=(1, 1))
  (9): BatchNorm2d(384, eps=1e-05, momentum=0.1, affine=True, track_running_stats=True)
  (10): ReLU()
  (11): Conv2d(384, 384, kernel_size=(3, 3), stride=(1, 1), padding=(1, 1))
  (12): BatchNorm2d(384, eps=1e-05, momentum=0.1, affine=True, track_running_stats=True)
  (13): ReLU()
  (14): Conv2d(384, 256, kernel_size=(3, 3), stride=(1, 1), padding=(1, 1))
  (15): BatchNorm2d(256, eps=1e-05, momentum=0.1, affine=True, track_running_stats=True)
  (16): ReLU()
  (17): MaxPool2d(kernel_size=3, stride=2, padding=0, dilation=1, ceil_mode=False)
  (18): Flatten()
  (19): Linear(in_features=6400, out_features=4096, bias=True)
  (20): ReLU()
  (21): Dropout(p=0.5, inplace=False)
  (22): Linear(in_features=4096, out_features=4096, bias=True)
  (23): ReLU()
  (24): Dropout(p=0.5, inplace=False)
  (25): Linear(in_features=4096, out_features=10, bias=True)
)
Conv2d          output shape:	 torch.Size([1, 96, 54, 54])
BatchNorm2d     output shape:	 torch.Size([1, 96, 54, 54])
ReLU            output shape:	 torch.Size([1, 96, 54, 54])
MaxPool2d       output shape:	 torch.Size([1, 96, 26, 26])
Conv2d          output shape:	 torch.Size([1, 256, 26, 26])
BatchNorm2d     output shape:	 torch.Size([1, 256, 26, 26])
ReLU            output shape:	 torch.Size([1, 256, 26, 26])
MaxPool2d       output shape:	 torch.Size([1, 256, 12, 12])
Conv2d          output shape:	 torch.Size([1, 384, 12, 12])
BatchNorm2d     output shape:	 torch.Size([1, 384, 12, 12])
ReLU            output shape:	 torch.Size([1, 384, 12, 12])
Conv2d          output shape:	 torch.Size([1, 384, 12, 12])
BatchNorm2d     output shape:	 torch.Size([1, 384, 12, 12])
ReLU            output shape:	 torch.Size([1, 384, 12, 12])
Conv2d          output shape:	 torch.Size([1, 256, 12, 12])
BatchNorm2d     output shape:	 torch.Size([1, 256, 12, 12])
ReLU            output shape:	 torch.Size([1, 256, 12, 12])
MaxPool2d       output shape:	 torch.Size([1, 256, 5, 5])
Flatten         output shape:	 torch.Size([1, 6400])
Linear          output shape:	 torch.Size([1, 4096])
ReLU            output shape:	 torch.Size([1, 4096])
Dropout         output shape:	 torch.Size([1, 4096])
Linear          output shape:	 torch.Size([1, 4096])
ReLU            output shape:	 torch.Size([1, 4096])
Dropout         output shape:	 torch.Size([1, 4096])
Linear          output shape:	 torch.Size([1, 10])
training on cuda:0
Epoch [1/60]: 100%|██████| 469/469 [00:24<00:00, 19.43it/s, acc=0.64, loss=1.38]
+-------+--------+----------+--------+---------+----------+
| epoch |  loss  | val loss |  acc   | val acc | test acc |
+-------+--------+----------+--------+---------+----------+
|   1   | 1.3831 |  0.5334  | 0.6395 |  0.7958 |  0.7853  |
+-------+--------+----------+--------+---------+----------+
Epoch [2/60]: 100%|████| 469/469 [00:23<00:00, 20.10it/s, acc=0.819, loss=0.485]
+-------+--------+----------+--------+---------+----------+
| epoch |  loss  | val loss |  acc   | val acc | test acc |
+-------+--------+----------+--------+---------+----------+
|   2   | 0.4853 |  0.6948  | 0.8193 |  0.7447 |  0.7344  |
+-------+--------+----------+--------+---------+----------+
EarlyStopping counter: 1 out of 5
Epoch [3/60]: 100%|████| 469/469 [00:23<00:00, 19.87it/s, acc=0.857, loss=0.388]
+-------+--------+----------+--------+---------+----------+
| epoch |  loss  | val loss |  acc   | val acc | test acc |
+-------+--------+----------+--------+---------+----------+
|   3   | 0.3881 |  0.3599  | 0.8566 |  0.8712 |  0.862   |
+-------+--------+----------+--------+---------+----------+
Epoch [4/60]: 100%|████| 469/469 [00:23<00:00, 19.65it/s, acc=0.876, loss=0.336]
+-------+--------+----------+--------+---------+----------+
| epoch |  loss  | val loss |  acc   | val acc | test acc |
+-------+--------+----------+--------+---------+----------+
|   4   | 0.3365 |  0.3111  | 0.8761 |  0.8916 |  0.8713  |
+-------+--------+----------+--------+---------+----------+
Epoch [5/60]: 100%|██████| 469/469 [00:23<00:00, 20.19it/s, acc=0.889, loss=0.3]
+-------+--------+----------+--------+---------+----------+
| epoch |  loss  | val loss |  acc   | val acc | test acc |
+-------+--------+----------+--------+---------+----------+
|   5   | 0.2998 |  0.2647  | 0.8889 |  0.899  |  0.8898  |
+-------+--------+----------+--------+---------+----------+
Epoch [6/60]: 100%|█████| 469/469 [00:24<00:00, 19.41it/s, acc=0.896, loss=0.28]
+-------+--------+----------+--------+---------+----------+
| epoch |  loss  | val loss |  acc   | val acc | test acc |
+-------+--------+----------+--------+---------+----------+
|   6   | 0.2799 |  0.2441  | 0.8965 |  0.9062 |  0.8985  |
+-------+--------+----------+--------+---------+----------+
Epoch [7/60]: 100%|████| 469/469 [00:24<00:00, 19.21it/s, acc=0.903, loss=0.261]
+-------+--------+----------+--------+---------+----------+
| epoch |  loss  | val loss |  acc   | val acc | test acc |
+-------+--------+----------+--------+---------+----------+
|   7   | 0.2609 |  0.2598  | 0.9033 |  0.9006 |  0.889   |
+-------+--------+----------+--------+---------+----------+
EarlyStopping counter: 1 out of 5
Epoch [8/60]: 100%|████| 469/469 [00:23<00:00, 19.64it/s, acc=0.909, loss=0.243]
+-------+-------+----------+--------+---------+----------+
| epoch |  loss | val loss |  acc   | val acc | test acc |
+-------+-------+----------+--------+---------+----------+
|   8   | 0.243 |  0.2347  | 0.9095 |  0.9092 |  0.8998  |
+-------+-------+----------+--------+---------+----------+
Epoch [9/60]: 100%|████| 469/469 [00:24<00:00, 19.34it/s, acc=0.915, loss=0.229]
+-------+--------+----------+-------+---------+----------+
| epoch |  loss  | val loss |  acc  | val acc | test acc |
+-------+--------+----------+-------+---------+----------+
|   9   | 0.2292 |  0.2119  | 0.915 |  0.9184 |  0.9093  |
+-------+--------+----------+-------+---------+----------+
Epoch [10/60]: 100%|███| 469/469 [00:23<00:00, 19.68it/s, acc=0.918, loss=0.219]
+-------+--------+----------+--------+---------+----------+
| epoch |  loss  | val loss |  acc   | val acc | test acc |
+-------+--------+----------+--------+---------+----------+
|   10  | 0.2188 |  0.207   | 0.9181 |  0.9267 |  0.9105  |
+-------+--------+----------+--------+---------+----------+
Epoch [11/60]: 100%|███| 469/469 [00:24<00:00, 19.02it/s, acc=0.922, loss=0.209]
+-------+--------+----------+--------+---------+----------+
| epoch |  loss  | val loss |  acc   | val acc | test acc |
+-------+--------+----------+--------+---------+----------+
|   11  | 0.2093 |  0.2583  | 0.9224 |  0.9006 |  0.8864  |
+-------+--------+----------+--------+---------+----------+
EarlyStopping counter: 1 out of 5
Epoch [12/60]: 100%|███| 469/469 [00:24<00:00, 19.30it/s, acc=0.925, loss=0.197]
+-------+--------+----------+--------+---------+----------+
| epoch |  loss  | val loss |  acc   | val acc | test acc |
+-------+--------+----------+--------+---------+----------+
|   12  | 0.1971 |  0.2231  | 0.9251 |  0.9185 |  0.9048  |
+-------+--------+----------+--------+---------+----------+
EarlyStopping counter: 2 out of 5
Epoch [13/60]: 100%|█████| 469/469 [00:24<00:00, 19.46it/s, acc=0.93, loss=0.19]
+-------+--------+----------+--------+---------+----------+
| epoch |  loss  | val loss |  acc   | val acc | test acc |
+-------+--------+----------+--------+---------+----------+
|   13  | 0.1896 |  0.1644  | 0.9298 |  0.9408 |  0.9214  |
+-------+--------+----------+--------+---------+----------+
Epoch [14/60]: 100%|███| 469/469 [00:24<00:00, 19.17it/s, acc=0.935, loss=0.178]
+-------+--------+----------+--------+---------+----------+
| epoch |  loss  | val loss |  acc   | val acc | test acc |
+-------+--------+----------+--------+---------+----------+
|   14  | 0.1785 |  0.1549  | 0.9346 |  0.9431 |  0.9172  |
+-------+--------+----------+--------+---------+----------+
Epoch [15/60]: 100%|███| 469/469 [00:24<00:00, 19.07it/s, acc=0.936, loss=0.168]
+-------+--------+----------+--------+---------+----------+
| epoch |  loss  | val loss |  acc   | val acc | test acc |
+-------+--------+----------+--------+---------+----------+
|   15  | 0.1681 |  0.2038  | 0.9364 |  0.9205 |  0.9037  |
+-------+--------+----------+--------+---------+----------+
EarlyStopping counter: 1 out of 5
Epoch [16/60]: 100%|███| 469/469 [00:25<00:00, 18.71it/s, acc=0.939, loss=0.163]
+-------+--------+----------+--------+---------+----------+
| epoch |  loss  | val loss |  acc   | val acc | test acc |
+-------+--------+----------+--------+---------+----------+
|   16  | 0.1626 |  0.1872  | 0.9393 |   0.93  |  0.9082  |
+-------+--------+----------+--------+---------+----------+
EarlyStopping counter: 2 out of 5
Epoch [17/60]: 100%|███| 469/469 [00:24<00:00, 19.49it/s, acc=0.942, loss=0.156]
+-------+--------+----------+--------+---------+----------+
| epoch |  loss  | val loss |  acc   | val acc | test acc |
+-------+--------+----------+--------+---------+----------+
|   17  | 0.1557 |  0.1495  | 0.9417 |  0.9438 |  0.9169  |
+-------+--------+----------+--------+---------+----------+
Epoch [18/60]: 100%|███| 469/469 [00:24<00:00, 19.20it/s, acc=0.944, loss=0.149]
+-------+--------+----------+--------+---------+----------+
| epoch |  loss  | val loss |  acc   | val acc | test acc |
+-------+--------+----------+--------+---------+----------+
|   18  | 0.1487 |  0.1315  | 0.9439 |  0.9522 |  0.9203  |
+-------+--------+----------+--------+---------+----------+
Epoch [19/60]: 100%|███| 469/469 [00:24<00:00, 19.40it/s, acc=0.947, loss=0.138]
+-------+--------+----------+--------+---------+----------+
| epoch |  loss  | val loss |  acc   | val acc | test acc |
+-------+--------+----------+--------+---------+----------+
|   19  | 0.1378 |  0.1198  | 0.9471 |  0.954  |  0.9241  |
+-------+--------+----------+--------+---------+----------+
Epoch [20/60]: 100%|████| 469/469 [00:24<00:00, 19.24it/s, acc=0.95, loss=0.131]
+-------+--------+----------+--------+---------+----------+
| epoch |  loss  | val loss |  acc   | val acc | test acc |
+-------+--------+----------+--------+---------+----------+
|   20  | 0.1313 |  0.1339  | 0.9497 |  0.9477 |  0.9217  |
+-------+--------+----------+--------+---------+----------+
EarlyStopping counter: 1 out of 5
Epoch [21/60]: 100%|███| 469/469 [00:24<00:00, 19.20it/s, acc=0.953, loss=0.125]
+-------+--------+----------+--------+---------+----------+
| epoch |  loss  | val loss |  acc   | val acc | test acc |
+-------+--------+----------+--------+---------+----------+
|   21  | 0.1247 |  0.1146  | 0.9528 |  0.9598 |  0.9238  |
+-------+--------+----------+--------+---------+----------+
Epoch [22/60]: 100%|███| 469/469 [00:24<00:00, 19.34it/s, acc=0.955, loss=0.122]
+-------+--------+----------+--------+---------+----------+
| epoch |  loss  | val loss |  acc   | val acc | test acc |
+-------+--------+----------+--------+---------+----------+
|   22  | 0.1218 |  0.129   | 0.9545 |  0.9503 |  0.9159  |
+-------+--------+----------+--------+---------+----------+
EarlyStopping counter: 1 out of 5
Epoch [23/60]: 100%|███| 469/469 [00:24<00:00, 19.25it/s, acc=0.958, loss=0.114]
+-------+--------+----------+--------+---------+----------+
| epoch |  loss  | val loss |  acc   | val acc | test acc |
+-------+--------+----------+--------+---------+----------+
|   23  | 0.1137 |  0.115   | 0.9582 |  0.9569 |  0.9203  |
+-------+--------+----------+--------+---------+----------+
EarlyStopping counter: 2 out of 5
Epoch [24/60]: 100%|███| 469/469 [00:24<00:00, 19.25it/s, acc=0.959, loss=0.108]
+-------+-------+----------+--------+---------+----------+
| epoch |  loss | val loss |  acc   | val acc | test acc |
+-------+-------+----------+--------+---------+----------+
|   24  | 0.108 |  0.0931  | 0.9589 |  0.9663 |  0.9257  |
+-------+-------+----------+--------+---------+----------+
Epoch [25/60]: 100%|███| 469/469 [00:25<00:00, 18.68it/s, acc=0.962, loss=0.102]
+-------+--------+----------+--------+---------+----------+
| epoch |  loss  | val loss |  acc   | val acc | test acc |
+-------+--------+----------+--------+---------+----------+
|   25  | 0.1017 |  0.0899  | 0.9624 |  0.9654 |  0.9285  |
+-------+--------+----------+--------+---------+----------+
Epoch [26/60]: 100%|██| 469/469 [00:24<00:00, 19.12it/s, acc=0.963, loss=0.0985]
+-------+--------+----------+--------+---------+----------+
| epoch |  loss  | val loss |  acc   | val acc | test acc |
+-------+--------+----------+--------+---------+----------+
|   26  | 0.0985 |  0.1171  | 0.9631 |  0.9561 |  0.917   |
+-------+--------+----------+--------+---------+----------+
EarlyStopping counter: 1 out of 5
Epoch [27/60]: 100%|██| 469/469 [00:24<00:00, 19.24it/s, acc=0.966, loss=0.0923]
+-------+--------+----------+--------+---------+----------+
| epoch |  loss  | val loss |  acc   | val acc | test acc |
+-------+--------+----------+--------+---------+----------+
|   27  | 0.0923 |  0.1082  | 0.9657 |  0.9567 |  0.9157  |
+-------+--------+----------+--------+---------+----------+
EarlyStopping counter: 2 out of 5
Epoch [28/60]: 100%|███| 469/469 [00:24<00:00, 19.09it/s, acc=0.968, loss=0.085]
+-------+-------+----------+--------+---------+----------+
| epoch |  loss | val loss |  acc   | val acc | test acc |
+-------+-------+----------+--------+---------+----------+
|   28  | 0.085 |  0.1201  | 0.9684 |  0.9553 |  0.9176  |
+-------+-------+----------+--------+---------+----------+
EarlyStopping counter: 3 out of 5
Epoch [29/60]: 100%|██| 469/469 [00:25<00:00, 18.52it/s, acc=0.968, loss=0.0833]
+-------+--------+----------+--------+---------+----------+
| epoch |  loss  | val loss |  acc   | val acc | test acc |
+-------+--------+----------+--------+---------+----------+
|   29  | 0.0833 |  0.0834  | 0.9683 |  0.9697 |  0.9231  |
+-------+--------+----------+--------+---------+----------+
Epoch [30/60]: 100%|██| 469/469 [00:24<00:00, 19.49it/s, acc=0.971, loss=0.0786]
+-------+--------+----------+--------+---------+----------+
| epoch |  loss  | val loss |  acc   | val acc | test acc |
+-------+--------+----------+--------+---------+----------+
|   30  | 0.0786 |  0.0528  | 0.9707 |  0.9832 |  0.9335  |
+-------+--------+----------+--------+---------+----------+
Epoch [31/60]: 100%|██| 469/469 [00:24<00:00, 19.39it/s, acc=0.973, loss=0.0713]
+-------+--------+----------+-------+---------+----------+
| epoch |  loss  | val loss |  acc  | val acc | test acc |
+-------+--------+----------+-------+---------+----------+
|   31  | 0.0713 |  0.0608  | 0.973 |  0.9772 |  0.9296  |
+-------+--------+----------+-------+---------+----------+
EarlyStopping counter: 1 out of 5
Epoch [32/60]: 100%|██| 469/469 [00:25<00:00, 18.73it/s, acc=0.974, loss=0.0678]
+-------+--------+----------+--------+---------+----------+
| epoch |  loss  | val loss |  acc   | val acc | test acc |
+-------+--------+----------+--------+---------+----------+
|   32  | 0.0678 |  0.0604  | 0.9744 |  0.9788 |  0.9275  |
+-------+--------+----------+--------+---------+----------+
EarlyStopping counter: 2 out of 5
Epoch [33/60]: 100%|██| 469/469 [00:24<00:00, 18.81it/s, acc=0.976, loss=0.0652]
+-------+--------+----------+--------+---------+----------+
| epoch |  loss  | val loss |  acc   | val acc | test acc |
+-------+--------+----------+--------+---------+----------+
|   33  | 0.0652 |  0.0498  | 0.9755 |  0.9835 |  0.9288  |
+-------+--------+----------+--------+---------+----------+
Epoch [34/60]: 100%|██| 469/469 [00:24<00:00, 18.96it/s, acc=0.977, loss=0.0612]
+-------+--------+----------+--------+---------+----------+
| epoch |  loss  | val loss |  acc   | val acc | test acc |
+-------+--------+----------+--------+---------+----------+
|   34  | 0.0612 |  0.0502  | 0.9771 |  0.9811 |  0.9283  |
+-------+--------+----------+--------+---------+----------+
EarlyStopping counter: 1 out of 5
Epoch [35/60]: 100%|████| 469/469 [00:24<00:00, 18.91it/s, acc=0.978, loss=0.06]
+-------+------+----------+--------+---------+----------+
| epoch | loss | val loss |  acc   | val acc | test acc |
+-------+------+----------+--------+---------+----------+
|   35  | 0.06 |  0.0428  | 0.9775 |  0.9852 |  0.9302  |
+-------+------+----------+--------+---------+----------+
Epoch [36/60]: 100%|███| 469/469 [00:24<00:00, 19.46it/s, acc=0.98, loss=0.0542]
+-------+--------+----------+--------+---------+----------+
| epoch |  loss  | val loss |  acc   | val acc | test acc |
+-------+--------+----------+--------+---------+----------+
|   36  | 0.0542 |  0.0628  | 0.9797 |  0.9756 |  0.9236  |
+-------+--------+----------+--------+---------+----------+
EarlyStopping counter: 1 out of 5
Epoch [37/60]: 100%|██| 469/469 [00:24<00:00, 19.26it/s, acc=0.983, loss=0.0476]
+-------+--------+----------+--------+---------+----------+
| epoch |  loss  | val loss |  acc   | val acc | test acc |
+-------+--------+----------+--------+---------+----------+
|   37  | 0.0476 |  0.0539  | 0.9829 |  0.9798 |  0.9312  |
+-------+--------+----------+--------+---------+----------+
EarlyStopping counter: 2 out of 5
Epoch [38/60]: 100%|██| 469/469 [00:24<00:00, 19.03it/s, acc=0.983, loss=0.0474]
+-------+--------+----------+--------+---------+----------+
| epoch |  loss  | val loss |  acc   | val acc | test acc |
+-------+--------+----------+--------+---------+----------+
|   38  | 0.0474 |  0.0348  | 0.9828 |  0.9878 |  0.9293  |
+-------+--------+----------+--------+---------+----------+
Epoch [39/60]: 100%|██| 469/469 [00:24<00:00, 19.39it/s, acc=0.984, loss=0.0442]
+-------+--------+----------+-------+---------+----------+
| epoch |  loss  | val loss |  acc  | val acc | test acc |
+-------+--------+----------+-------+---------+----------+
|   39  | 0.0442 |  0.0308  | 0.984 |  0.9877 |  0.9308  |
+-------+--------+----------+-------+---------+----------+
Epoch [40/60]: 100%|██| 469/469 [00:24<00:00, 19.42it/s, acc=0.984, loss=0.0436]
+-------+--------+----------+--------+---------+----------+
| epoch |  loss  | val loss |  acc   | val acc | test acc |
+-------+--------+----------+--------+---------+----------+
|   40  | 0.0436 |  0.0316  | 0.9836 |  0.9889 |  0.9312  |
+-------+--------+----------+--------+---------+----------+
EarlyStopping counter: 1 out of 5
Epoch [41/60]: 100%|██| 469/469 [00:24<00:00, 19.17it/s, acc=0.987, loss=0.0356]
+-------+--------+----------+--------+---------+----------+
| epoch |  loss  | val loss |  acc   | val acc | test acc |
+-------+--------+----------+--------+---------+----------+
|   41  | 0.0356 |  0.0654  | 0.9868 |  0.9753 |  0.9167  |
+-------+--------+----------+--------+---------+----------+
EarlyStopping counter: 2 out of 5
Epoch [42/60]: 100%|██| 469/469 [00:24<00:00, 19.13it/s, acc=0.987, loss=0.0369]
+-------+--------+----------+--------+---------+----------+
| epoch |  loss  | val loss |  acc   | val acc | test acc |
+-------+--------+----------+--------+---------+----------+
|   42  | 0.0369 |  0.107   | 0.9867 |  0.9629 |  0.9121  |
+-------+--------+----------+--------+---------+----------+
EarlyStopping counter: 3 out of 5
Epoch [43/60]: 100%|██| 469/469 [00:24<00:00, 18.85it/s, acc=0.987, loss=0.0349]
+-------+--------+----------+--------+---------+----------+
| epoch |  loss  | val loss |  acc   | val acc | test acc |
+-------+--------+----------+--------+---------+----------+
|   43  | 0.0349 |  0.019   | 0.9873 |  0.9938 |  0.9338  |
+-------+--------+----------+--------+---------+----------+
Epoch [44/60]: 100%|██| 469/469 [00:24<00:00, 19.18it/s, acc=0.988, loss=0.0339]
+-------+--------+----------+--------+---------+----------+
| epoch |  loss  | val loss |  acc   | val acc | test acc |
+-------+--------+----------+--------+---------+----------+
|   44  | 0.0339 |  0.0195  | 0.9877 |  0.9931 |  0.9298  |
+-------+--------+----------+--------+---------+----------+
EarlyStopping counter: 1 out of 5
Epoch [45/60]: 100%|██| 469/469 [00:24<00:00, 18.98it/s, acc=0.988, loss=0.0318]
+-------+--------+----------+--------+---------+----------+
| epoch |  loss  | val loss |  acc   | val acc | test acc |
+-------+--------+----------+--------+---------+----------+
|   45  | 0.0318 |  0.0175  | 0.9882 |  0.9933 |  0.9326  |
+-------+--------+----------+--------+---------+----------+
Epoch [46/60]: 100%|███| 469/469 [00:24<00:00, 19.46it/s, acc=0.99, loss=0.0278]
+-------+--------+----------+--------+---------+----------+
| epoch |  loss  | val loss |  acc   | val acc | test acc |
+-------+--------+----------+--------+---------+----------+
|   46  | 0.0278 |  0.0157  | 0.9901 |  0.9948 |  0.9324  |
+-------+--------+----------+--------+---------+----------+
Epoch [47/60]: 100%|███| 469/469 [00:24<00:00, 19.05it/s, acc=0.99, loss=0.0272]
+-------+--------+----------+--------+---------+----------+
| epoch |  loss  | val loss |  acc   | val acc | test acc |
+-------+--------+----------+--------+---------+----------+
|   47  | 0.0272 |  0.016   | 0.9897 |  0.9942 |  0.9326  |
+-------+--------+----------+--------+---------+----------+
EarlyStopping counter: 1 out of 5
Epoch [48/60]: 100%|██| 469/469 [00:24<00:00, 19.20it/s, acc=0.991, loss=0.0264]
+-------+--------+----------+--------+---------+----------+
| epoch |  loss  | val loss |  acc   | val acc | test acc |
+-------+--------+----------+--------+---------+----------+
|   48  | 0.0264 |  0.0159  | 0.9911 |  0.9951 |  0.9332  |
+-------+--------+----------+--------+---------+----------+
EarlyStopping counter: 2 out of 5
Epoch [49/60]: 100%|███| 469/469 [00:24<00:00, 19.21it/s, acc=0.992, loss=0.022]
+-------+-------+----------+--------+---------+----------+
| epoch |  loss | val loss |  acc   | val acc | test acc |
+-------+-------+----------+--------+---------+----------+
|   49  | 0.022 |  0.0125  | 0.9921 |  0.9959 |  0.9329  |
+-------+-------+----------+--------+---------+----------+
Epoch [50/60]: 100%|██| 469/469 [00:24<00:00, 19.13it/s, acc=0.992, loss=0.0234]
+-------+--------+----------+--------+---------+----------+
| epoch |  loss  | val loss |  acc   | val acc | test acc |
+-------+--------+----------+--------+---------+----------+
|   50  | 0.0234 |  0.022   | 0.9918 |  0.9921 |  0.9307  |
+-------+--------+----------+--------+---------+----------+
EarlyStopping counter: 1 out of 5
Epoch [51/60]: 100%|██| 469/469 [00:24<00:00, 19.10it/s, acc=0.992, loss=0.0233]
+-------+--------+----------+--------+---------+----------+
| epoch |  loss  | val loss |  acc   | val acc | test acc |
+-------+--------+----------+--------+---------+----------+
|   51  | 0.0233 |  0.0118  | 0.9916 |  0.9963 |  0.9315  |
+-------+--------+----------+--------+---------+----------+
Epoch [52/60]: 100%|██| 469/469 [00:24<00:00, 19.34it/s, acc=0.994, loss=0.0174]
+-------+--------+----------+--------+---------+----------+
| epoch |  loss  | val loss |  acc   | val acc | test acc |
+-------+--------+----------+--------+---------+----------+
|   52  | 0.0174 |  0.0099  | 0.9939 |  0.9962 |  0.9317  |
+-------+--------+----------+--------+---------+----------+
Epoch [53/60]: 100%|██| 469/469 [00:24<00:00, 19.34it/s, acc=0.993, loss=0.0192]
+-------+--------+----------+--------+---------+----------+
| epoch |  loss  | val loss |  acc   | val acc | test acc |
+-------+--------+----------+--------+---------+----------+
|   53  | 0.0192 |  0.0143  | 0.9933 |  0.9952 |  0.9312  |
+-------+--------+----------+--------+---------+----------+
EarlyStopping counter: 1 out of 5
Epoch [54/60]: 100%|██| 469/469 [00:25<00:00, 18.69it/s, acc=0.993, loss=0.0198]
+-------+--------+----------+--------+---------+----------+
| epoch |  loss  | val loss |  acc   | val acc | test acc |
+-------+--------+----------+--------+---------+----------+
|   54  | 0.0198 |  0.0166  | 0.9934 |  0.9935 |  0.9283  |
+-------+--------+----------+--------+---------+----------+
EarlyStopping counter: 2 out of 5
Epoch [55/60]: 100%|██| 469/469 [00:24<00:00, 19.39it/s, acc=0.993, loss=0.0213]
+-------+--------+----------+--------+---------+----------+
| epoch |  loss  | val loss |  acc   | val acc | test acc |
+-------+--------+----------+--------+---------+----------+
|   55  | 0.0213 |  0.0296  | 0.9926 |  0.9902 |  0.9232  |
+-------+--------+----------+--------+---------+----------+
EarlyStopping counter: 3 out of 5
Epoch [56/60]: 100%|███| 469/469 [00:24<00:00, 18.94it/s, acc=0.995, loss=0.015]
+-------+-------+----------+--------+---------+----------+
| epoch |  loss | val loss |  acc   | val acc | test acc |
+-------+-------+----------+--------+---------+----------+
|   56  | 0.015 |  0.0235  | 0.9948 |  0.9908 |  0.9295  |
+-------+-------+----------+--------+---------+----------+
EarlyStopping counter: 4 out of 5
Epoch    56: reducing learning rate of group 0 to 2.5000e-02.
Epoch [57/60]: 100%|█| 469/469 [00:24<00:00, 19.07it/s, acc=0.998, loss=0.00624]
+-------+--------+----------+--------+---------+----------+
| epoch |  loss  | val loss |  acc   | val acc | test acc |
+-------+--------+----------+--------+---------+----------+
|   57  | 0.0062 |  0.0015  | 0.9984 |  0.9999 |  0.937   |
+-------+--------+----------+--------+---------+----------+
Epoch [58/60]: 100%|█| 469/469 [00:24<00:00, 19.24it/s, acc=0.999, loss=0.00367]
+-------+--------+----------+-------+---------+----------+
| epoch |  loss  | val loss |  acc  | val acc | test acc |
+-------+--------+----------+-------+---------+----------+
|   58  | 0.0037 |  0.0011  | 0.999 |  0.9999 |  0.9372  |
+-------+--------+----------+-------+---------+----------+
Epoch [59/60]: 100%|█| 469/469 [00:24<00:00, 19.29it/s, acc=0.999, loss=0.00293]
+-------+--------+----------+--------+---------+----------+
| epoch |  loss  | val loss |  acc   | val acc | test acc |
+-------+--------+----------+--------+---------+----------+
|   59  | 0.0029 |  0.0009  | 0.9994 |  0.9998 |  0.9374  |
+-------+--------+----------+--------+---------+----------+
Epoch [60/60]: 100%|█| 469/469 [00:24<00:00, 19.30it/s, acc=0.999, loss=0.00245]
+-------+--------+----------+--------+---------+----------+
| epoch |  loss  | val loss |  acc   | val acc | test acc |
+-------+--------+----------+--------+---------+----------+
|   60  | 0.0025 |  0.0007  | 0.9995 |  0.9999 |  0.9389  |
+-------+--------+----------+--------+---------+----------+
Epoch [1/10]: 100%|██████| 469/469 [00:22<00:00, 21.07it/s, acc=1, loss=0.00116]
+-------+--------+----------+--------+---------+----------+
| epoch |  loss  | val loss |  acc   | val acc | test acc |
+-------+--------+----------+--------+---------+----------+
|   1   | 0.0012 |  0.0001  | 0.9998 |   1.0   |  0.9385  |
+-------+--------+----------+--------+---------+----------+
Epoch [2/10]: 100%|██████| 469/469 [00:22<00:00, 20.64it/s, acc=1, loss=0.00139]
+-------+--------+----------+--------+---------+----------+
| epoch |  loss  | val loss |  acc   | val acc | test acc |
+-------+--------+----------+--------+---------+----------+
|   2   | 0.0014 |  0.0001  | 0.9997 |   1.0   |  0.9386  |
+-------+--------+----------+--------+---------+----------+
EarlyStopping counter: 1 out of 5
Epoch [3/10]: 100%|██████| 469/469 [00:23<00:00, 20.14it/s, acc=1, loss=0.00105]
+-------+--------+----------+--------+---------+----------+
| epoch |  loss  | val loss |  acc   | val acc | test acc |
+-------+--------+----------+--------+---------+----------+
|   3   | 0.0011 |  0.0002  | 0.9999 |   1.0   |  0.9383  |
+-------+--------+----------+--------+---------+----------+
EarlyStopping counter: 2 out of 5
Epoch [4/10]: 100%|██████| 469/469 [00:23<00:00, 20.22it/s, acc=1, loss=0.00117]
+-------+--------+----------+--------+---------+----------+
| epoch |  loss  | val loss |  acc   | val acc | test acc |
+-------+--------+----------+--------+---------+----------+
|   4   | 0.0012 |  0.0001  | 0.9997 |   1.0   |  0.9376  |
+-------+--------+----------+--------+---------+----------+
Epoch [5/10]: 100%|██████| 469/469 [00:23<00:00, 20.05it/s, acc=1, loss=0.00104]
+-------+-------+----------+--------+---------+----------+
| epoch |  loss | val loss |  acc   | val acc | test acc |
+-------+-------+----------+--------+---------+----------+
|   5   | 0.001 |  0.0001  | 0.9998 |   1.0   |  0.9387  |
+-------+-------+----------+--------+---------+----------+
EarlyStopping counter: 1 out of 5
Epoch [6/10]: 100%|█████| 469/469 [00:24<00:00, 19.14it/s, acc=1, loss=0.000961]
+-------+-------+----------+--------+---------+----------+
| epoch |  loss | val loss |  acc   | val acc | test acc |
+-------+-------+----------+--------+---------+----------+
|   6   | 0.001 |  0.0001  | 0.9998 |   1.0   |  0.9389  |
+-------+-------+----------+--------+---------+----------+
Epoch [7/10]: 100%|█████| 469/469 [00:23<00:00, 20.21it/s, acc=1, loss=0.000798]
+-------+--------+----------+--------+---------+----------+
| epoch |  loss  | val loss |  acc   | val acc | test acc |
+-------+--------+----------+--------+---------+----------+
|   7   | 0.0008 |  0.0001  | 0.9999 |   1.0   |  0.938   |
+-------+--------+----------+--------+---------+----------+
EarlyStopping counter: 1 out of 5
Epoch [8/10]: 100%|█████| 469/469 [00:24<00:00, 19.54it/s, acc=1, loss=0.000756]
+-------+--------+----------+--------+---------+----------+
| epoch |  loss  | val loss |  acc   | val acc | test acc |
+-------+--------+----------+--------+---------+----------+
|   8   | 0.0008 |  0.0001  | 0.9999 |   1.0   |  0.938   |
+-------+--------+----------+--------+---------+----------+
EarlyStopping counter: 2 out of 5
Epoch [9/10]: 100%|█████| 469/469 [00:23<00:00, 19.79it/s, acc=1, loss=0.000695]
+-------+--------+----------+--------+---------+----------+
| epoch |  loss  | val loss |  acc   | val acc | test acc |
+-------+--------+----------+--------+---------+----------+
|   9   | 0.0007 |  0.0001  | 0.9999 |   1.0   |  0.9387  |
+-------+--------+----------+--------+---------+----------+
Epoch [10/10]: 100%|████| 469/469 [00:23<00:00, 19.94it/s, acc=1, loss=0.000915]
+-------+--------+----------+--------+---------+----------+
| epoch |  loss  | val loss |  acc   | val acc | test acc |
+-------+--------+----------+--------+---------+----------+
|   10  | 0.0009 |  0.0001  | 0.9999 |   1.0   |  0.9388  |
+-------+--------+----------+--------+---------+----------+
EarlyStopping counter: 1 out of 5
Epoch [1/10]: 100%|█████| 469/469 [00:23<00:00, 20.20it/s, acc=1, loss=0.000702]
+-------+--------+----------+--------+---------+----------+
| epoch |  loss  | val loss |  acc   | val acc | test acc |
+-------+--------+----------+--------+---------+----------+
|   1   | 0.0007 |  0.0001  | 0.9998 |   1.0   |  0.9386  |
+-------+--------+----------+--------+---------+----------+
Epoch [2/10]: 100%|█████| 469/469 [00:23<00:00, 20.03it/s, acc=1, loss=0.000702]
+-------+--------+----------+--------+---------+----------+
| epoch |  loss  | val loss |  acc   | val acc | test acc |
+-------+--------+----------+--------+---------+----------+
|   2   | 0.0007 |  0.0001  | 0.9999 |   1.0   |  0.939   |
+-------+--------+----------+--------+---------+----------+
EarlyStopping counter: 1 out of 5
Epoch [3/10]: 100%|█████| 469/469 [00:23<00:00, 20.16it/s, acc=1, loss=0.000694]
+-------+--------+----------+--------+---------+----------+
| epoch |  loss  | val loss |  acc   | val acc | test acc |
+-------+--------+----------+--------+---------+----------+
|   3   | 0.0007 |  0.0001  | 0.9999 |   1.0   |  0.9391  |
+-------+--------+----------+--------+---------+----------+
Epoch [4/10]: 100%|█████| 469/469 [00:23<00:00, 19.57it/s, acc=1, loss=0.000648]
+-------+--------+----------+--------+---------+----------+
| epoch |  loss  | val loss |  acc   | val acc | test acc |
+-------+--------+----------+--------+---------+----------+
|   4   | 0.0006 |  0.0001  | 0.9999 |   1.0   |  0.9396  |
+-------+--------+----------+--------+---------+----------+
EarlyStopping counter: 1 out of 5
Epoch [5/10]: 100%|█████| 469/469 [00:23<00:00, 19.93it/s, acc=1, loss=0.000814]
+-------+--------+----------+--------+---------+----------+
| epoch |  loss  | val loss |  acc   | val acc | test acc |
+-------+--------+----------+--------+---------+----------+
|   5   | 0.0008 |  0.0001  | 0.9998 |   1.0   |  0.9374  |
+-------+--------+----------+--------+---------+----------+
EarlyStopping counter: 2 out of 5
Epoch [6/10]: 100%|█████| 469/469 [00:23<00:00, 19.74it/s, acc=1, loss=0.000767]
+-------+--------+----------+--------+---------+----------+
| epoch |  loss  | val loss |  acc   | val acc | test acc |
+-------+--------+----------+--------+---------+----------+
|   6   | 0.0008 |  0.0001  | 0.9999 |   1.0   |  0.9384  |
+-------+--------+----------+--------+---------+----------+
Epoch [7/10]: 100%|█████| 469/469 [00:24<00:00, 19.48it/s, acc=1, loss=0.000658]
+-------+--------+----------+--------+---------+----------+
| epoch |  loss  | val loss |  acc   | val acc | test acc |
+-------+--------+----------+--------+---------+----------+
|   7   | 0.0007 |  0.0001  | 0.9999 |   1.0   |  0.9395  |
+-------+--------+----------+--------+---------+----------+
EarlyStopping counter: 1 out of 5
Epoch [8/10]: 100%|█████| 469/469 [00:24<00:00, 19.33it/s, acc=1, loss=0.000724]
+-------+--------+----------+--------+---------+----------+
| epoch |  loss  | val loss |  acc   | val acc | test acc |
+-------+--------+----------+--------+---------+----------+
|   8   | 0.0007 |  0.0001  | 0.9999 |   1.0   |  0.9386  |
+-------+--------+----------+--------+---------+----------+
EarlyStopping counter: 2 out of 5
Epoch [9/10]: 100%|█████| 469/469 [00:24<00:00, 19.22it/s, acc=1, loss=0.000606]
+-------+--------+----------+--------+---------+----------+
| epoch |  loss  | val loss |  acc   | val acc | test acc |
+-------+--------+----------+--------+---------+----------+
|   9   | 0.0006 |  0.0001  | 0.9999 |   1.0   |  0.9393  |
+-------+--------+----------+--------+---------+----------+
EarlyStopping counter: 3 out of 5
Epoch [10/10]: 100%|████| 469/469 [00:23<00:00, 20.00it/s, acc=1, loss=0.000662]
+-------+--------+----------+--------+---------+----------+
| epoch |  loss  | val loss |  acc   | val acc | test acc |
+-------+--------+----------+--------+---------+----------+
|   10  | 0.0007 |   0.0    | 0.9999 |   1.0   |  0.9387  |
+-------+--------+----------+--------+---------+----------+
Epoch [1/10]: 100%|█████| 469/469 [00:22<00:00, 20.39it/s, acc=1, loss=0.000641]
+-------+--------+----------+--------+---------+----------+
| epoch |  loss  | val loss |  acc   | val acc | test acc |
+-------+--------+----------+--------+---------+----------+
|   1   | 0.0006 |   0.0    | 0.9999 |   1.0   |  0.9376  |
+-------+--------+----------+--------+---------+----------+
Epoch [2/10]: 100%|█████| 469/469 [00:24<00:00, 19.42it/s, acc=1, loss=0.000511]
+-------+--------+----------+-----+---------+----------+
| epoch |  loss  | val loss | acc | val acc | test acc |
+-------+--------+----------+-----+---------+----------+
|   2   | 0.0005 |  0.0001  | 1.0 |   1.0   |  0.9388  |
+-------+--------+----------+-----+---------+----------+
EarlyStopping counter: 1 out of 5
Epoch [3/10]: 100%|█████| 469/469 [00:23<00:00, 20.02it/s, acc=1, loss=0.000538]
+-------+--------+----------+--------+---------+----------+
| epoch |  loss  | val loss |  acc   | val acc | test acc |
+-------+--------+----------+--------+---------+----------+
|   3   | 0.0005 |   0.0    | 0.9999 |   1.0   |  0.9396  |
+-------+--------+----------+--------+---------+----------+
Epoch [4/10]: 100%|█████| 469/469 [00:24<00:00, 19.51it/s, acc=1, loss=0.000559]
+-------+--------+----------+--------+---------+----------+
| epoch |  loss  | val loss |  acc   | val acc | test acc |
+-------+--------+----------+--------+---------+----------+
|   4   | 0.0006 |   0.0    | 0.9999 |   1.0   |  0.9382  |
+-------+--------+----------+--------+---------+----------+
EarlyStopping counter: 1 out of 5
Epoch [5/10]: 100%|█████| 469/469 [00:23<00:00, 19.76it/s, acc=1, loss=0.000602]
+-------+--------+----------+--------+---------+----------+
| epoch |  loss  | val loss |  acc   | val acc | test acc |
+-------+--------+----------+--------+---------+----------+
|   5   | 0.0006 |   0.0    | 0.9999 |   1.0   |  0.9387  |
+-------+--------+----------+--------+---------+----------+
Epoch [6/10]: 100%|██████| 469/469 [00:23<00:00, 20.21it/s, acc=1, loss=0.00051]
+-------+--------+----------+-----+---------+----------+
| epoch |  loss  | val loss | acc | val acc | test acc |
+-------+--------+----------+-----+---------+----------+
|   6   | 0.0005 |   0.0    | 1.0 |   1.0   |  0.9389  |
+-------+--------+----------+-----+---------+----------+
Epoch [7/10]: 100%|█████| 469/469 [00:23<00:00, 19.73it/s, acc=1, loss=0.000436]
+-------+--------+----------+-----+---------+----------+
| epoch |  loss  | val loss | acc | val acc | test acc |
+-------+--------+----------+-----+---------+----------+
|   7   | 0.0004 |   0.0    | 1.0 |   1.0   |  0.9388  |
+-------+--------+----------+-----+---------+----------+
EarlyStopping counter: 1 out of 5
Epoch [8/10]: 100%|█████| 469/469 [00:24<00:00, 19.11it/s, acc=1, loss=0.000509]
+-------+--------+----------+--------+---------+----------+
| epoch |  loss  | val loss |  acc   | val acc | test acc |
+-------+--------+----------+--------+---------+----------+
|   8   | 0.0005 |   0.0    | 0.9999 |   1.0   |  0.9389  |
+-------+--------+----------+--------+---------+----------+
EarlyStopping counter: 2 out of 5
Epoch [9/10]: 100%|█████| 469/469 [00:24<00:00, 19.10it/s, acc=1, loss=0.000551]
+-------+--------+----------+--------+---------+----------+
| epoch |  loss  | val loss |  acc   | val acc | test acc |
+-------+--------+----------+--------+---------+----------+
|   9   | 0.0006 |   0.0    | 0.9999 |   1.0   |  0.9385  |
+-------+--------+----------+--------+---------+----------+
EarlyStopping counter: 3 out of 5
Epoch [10/10]: 100%|████| 469/469 [00:23<00:00, 19.64it/s, acc=1, loss=0.000447]
+-------+--------+----------+-----+---------+----------+
| epoch |  loss  | val loss | acc | val acc | test acc |
+-------+--------+----------+-----+---------+----------+
|   10  | 0.0004 |   0.0    | 1.0 |   1.0   |  0.9387  |
+-------+--------+----------+-----+---------+----------+
+-------+--------+----------+--------+---------+----------+
| epoch |  loss  | val loss |  acc   | val acc | test acc |
+-------+--------+----------+--------+---------+----------+
|   1   | 0.0005 |   0.0    | 0.9999 |   1.0   |  0.9383  |
+-------+--------+----------+--------+---------+----------+
Epoch [2/10]: 100%|██████| 469/469 [00:23<00:00, 20.32it/s, acc=1, loss=0.00048]
+-------+--------+----------+-----+---------+----------+
| epoch |  loss  | val loss | acc | val acc | test acc |
+-------+--------+----------+-----+---------+----------+
|   2   | 0.0005 |   0.0    | 1.0 |   1.0   |  0.9386  |
+-------+--------+----------+-----+---------+----------+
EarlyStopping counter: 1 out of 5
Epoch [3/10]: 100%|█████| 469/469 [00:24<00:00, 19.46it/s, acc=1, loss=0.000553]
+-------+--------+----------+--------+---------+----------+
| epoch |  loss  | val loss |  acc   | val acc | test acc |
+-------+--------+----------+--------+---------+----------+
|   3   | 0.0006 |   0.0    | 0.9999 |   1.0   |  0.9389  |
+-------+--------+----------+--------+---------+----------+
Epoch [4/10]: 100%|█████| 469/469 [00:23<00:00, 19.92it/s, acc=1, loss=0.000402]
+-------+--------+----------+-----+---------+----------+
| epoch |  loss  | val loss | acc | val acc | test acc |
+-------+--------+----------+-----+---------+----------+
|   4   | 0.0004 |   0.0    | 1.0 |   1.0   |  0.9388  |
+-------+--------+----------+-----+---------+----------+
Epoch [5/10]: 100%|█████| 469/469 [00:23<00:00, 19.76it/s, acc=1, loss=0.000459]
+-------+--------+----------+--------+---------+----------+
| epoch |  loss  | val loss |  acc   | val acc | test acc |
+-------+--------+----------+--------+---------+----------+
|   5   | 0.0005 |   0.0    | 0.9999 |   1.0   |  0.9389  |
+-------+--------+----------+--------+---------+----------+
Epoch [6/10]: 100%|█████| 469/469 [00:23<00:00, 19.55it/s, acc=1, loss=0.000449]
+-------+--------+----------+--------+---------+----------+
| epoch |  loss  | val loss |  acc   | val acc | test acc |
+-------+--------+----------+--------+---------+----------+
|   6   | 0.0004 |   0.0    | 0.9999 |   1.0   |  0.9391  |
+-------+--------+----------+--------+---------+----------+
EarlyStopping counter: 1 out of 5
Epoch [7/10]: 100%|█████| 469/469 [00:23<00:00, 19.61it/s, acc=1, loss=0.000451]
+-------+--------+----------+--------+---------+----------+
| epoch |  loss  | val loss |  acc   | val acc | test acc |
+-------+--------+----------+--------+---------+----------+
|   7   | 0.0005 |   0.0    | 0.9999 |   1.0   |  0.9384  |
+-------+--------+----------+--------+---------+----------+
Epoch [8/10]: 100%|█████| 469/469 [00:24<00:00, 19.43it/s, acc=1, loss=0.000502]
+-------+--------+----------+--------+---------+----------+
| epoch |  loss  | val loss |  acc   | val acc | test acc |
+-------+--------+----------+--------+---------+----------+
|   8   | 0.0005 |   0.0    | 0.9999 |   1.0   |  0.9389  |
+-------+--------+----------+--------+---------+----------+
Epoch [9/10]: 100%|██████| 469/469 [00:23<00:00, 19.81it/s, acc=1, loss=0.00057]
+-------+--------+----------+--------+---------+----------+
| epoch |  loss  | val loss |  acc   | val acc | test acc |
+-------+--------+----------+--------+---------+----------+
|   9   | 0.0006 |   0.0    | 0.9999 |   1.0   |  0.9385  |
+-------+--------+----------+--------+---------+----------+
EarlyStopping counter: 1 out of 5
Epoch [10/10]: 100%|█████| 469/469 [00:23<00:00, 19.74it/s, acc=1, loss=0.00053]
+-------+--------+----------+--------+---------+----------+
| epoch |  loss  | val loss |  acc   | val acc | test acc |
+-------+--------+----------+--------+---------+----------+
|   10  | 0.0005 |   0.0    | 0.9999 |   1.0   |  0.9385  |
+-------+--------+----------+--------+---------+----------+
100%|███████████████████████████████████████████| 79/79 [00:03<00:00, 21.48it/s]
Test Loss:0.4907  Test Acc:0.9383